<?xml version="1.0" encoding="UTF-8"?>
<testng-results ignored="0" total="3" passed="3" failed="0" skipped="0">
  <reporter-output>
  </reporter-output>
  <suite started-at="2022-03-14T13:45:11 IST" name="Default suite" finished-at="2022-03-14T13:45:13 IST" duration-ms="2233">
    <groups>
    </groups>
    <test started-at="2022-03-14T13:45:11 IST" name="Default test" finished-at="2022-03-14T13:45:13 IST" duration-ms="2233">
      <class name="TestNG.Sample3">
        <test-method is-config="true" signature="launchBrowser()[pri:0, instance:TestNG.Sample3@7ce3cb8e]" started-at="2022-03-14T13:45:08 IST" name="launchBrowser" finished-at="2022-03-14T13:45:11 IST" duration-ms="2328" status="PASS">
          <reporter-output>
          </reporter-output>
        </test-method> <!-- launchBrowser -->
        <test-method signature="openBing()[pri:0, instance:TestNG.Sample3@7ce3cb8e]" started-at="2022-03-14T13:45:11 IST" name="openBing" finished-at="2022-03-14T13:45:11 IST" duration-ms="532" status="PASS">
          <reporter-output>
          </reporter-output>
        </test-method> <!-- openBing -->
        <test-method signature="openGoogle()[pri:0, instance:TestNG.Sample3@7ce3cb8e]" started-at="2022-03-14T13:45:11 IST" name="openGoogle" finished-at="2022-03-14T13:45:12 IST" duration-ms="759" status="PASS">
          <reporter-output>
          </reporter-output>
        </test-method> <!-- openGoogle -->
        <test-method signature="openYahoo()[pri:0, instance:TestNG.Sample3@7ce3cb8e]" started-at="2022-03-14T13:45:12 IST" name="openYahoo" finished-at="2022-03-14T13:45:13 IST" duration-ms="872" status="PASS">
          <reporter-output>
          </reporter-output>
        </test-method> <!-- openYahoo -->
        <test-method is-config="true" signature="closeBrowser()[pri:0, instance:TestNG.Sample3@7ce3cb8e]" started-at="2022-03-14T13:45:13 IST" name="closeBrowser" finished-at="2022-03-14T13:45:13 IST" duration-ms="317" status="PASS">
          <reporter-output>
          </reporter-output>
        </test-method> <!-- closeBrowser -->
      </class> <!-- TestNG.Sample3 -->
    </test> <!-- Default test -->
  </suite> <!-- Default suite -->
</testng-results>
