<?xml version="1.0" encoding="UTF-8"?>
<!-- Generated by org.testng.reporters.JUnitXMLReporter -->
<testsuite ignored="0" hostname="DESKTOP-FM6RPM7" failures="0" tests="3" name="Default test" time="2.233" errors="0" timestamp="2022-03-14T13:45:13 IST">
  <testcase classname="TestNG.Sample3" name="openBing" time="0.532"/>
  <testcase classname="TestNG.Sample3" name="openGoogle" time="0.759"/>
  <testcase classname="TestNG.Sample3" name="openYahoo" time="0.872"/>
</testsuite> <!-- Default test -->
