<?xml version="1.0" encoding="UTF-8"?>
<!-- Generated by org.testng.reporters.JUnitXMLReporter -->
<testsuite ignored="0" hostname="DESKTOP-FM6RPM7" failures="0" tests="4" name="Login test cases" time="48.392" errors="0" timestamp="2022-03-07T12:11:31 IST">
  <testcase classname="DataDrivenLoginTestCase.BothCorrect" name="LoginwithBothCorrect" time="14.263"/>
  <testcase classname="DataDrivenLoginTestCase.BothIncorrect" name="LoginwithBothIncorrect" time="12.437"/>
  <testcase classname="DataDrivenLoginTestCase.CorrectPassword" name="LoginwithCorrectPassword" time="11.813"/>
  <testcase classname="DataDrivenLoginTestCase.CorrectUserName" name="LoginwithCorrectUsername" time="9.752"/>
</testsuite> <!-- Login test cases -->
